<?xml version="1.0" encoding="UTF-8"?>
<!-- Generated by org.testng.reporters.JUnitReportReporter -->
<testsuite hostname="DESKTOP-5KEISHG" failures="0" tests="1" name="testCases.TC003_OC_LoginpagetestDDT" time="2.369" errors="0" timestamp="2024-12-05T07:34:21 IST" skipped="0">
  <testcase classname="testCases.TC003_OC_LoginpagetestDDT" name="Verifylogin" time="2.369"/>
</testsuite> <!-- testCases.TC003_OC_LoginpagetestDDT -->
