<?xml version="1.0" encoding="UTF-8"?>
<!-- Generated by org.testng.reporters.JUnitReportReporter -->
<testsuite hostname="DESKTOP-5KEISHG" failures="0" tests="1" name="testCases.TC001_OC_Loginpagetest" time="1.330" errors="0" timestamp="2024-12-05T07:30:13 IST" skipped="0">
  <testcase classname="testCases.TC001_OC_Loginpagetest" name="Verifylogin" time="1.330"/>
</testsuite> <!-- testCases.TC001_OC_Loginpagetest -->
