<?xml version="1.0" encoding="UTF-8"?>
<!-- Generated by org.testng.reporters.JUnitReportReporter -->
<testsuite hostname="DESKTOP-5KEISHG" failures="0" tests="1" name="testCases.TC002_OC_WishlistTest" time="1.338" errors="0" timestamp="2024-12-05T07:30:13 IST" skipped="0">
  <testcase classname="testCases.TC002_OC_WishlistTest" name="Verifylogin" time="1.338"/>
</testsuite> <!-- testCases.TC002_OC_WishlistTest -->
